[14 jun 2017 05:49:09] Building database metadata model
[14 jun 2017 05:49:09] Properties: {partialRefresh=false, processColumnsUsingSelect=, includePrimaryKeys=true, eventSocketClient=com.webratio.commons.net.EventSocketClient@12dce58, includeTables=true, username=freeapp89, outputLogPath=C:\WebRatio\WebRatio Community Platform 7.2.15\workspace\CommentService\.Temp~\DB.xml.log, readIndexes=null, driverClass=com.mysql.jdbc.Driver, includeSynonyms=true, metaDataProviderClass=com.webratio.commons.db.metadata.MySQLMetaDataProvider, outputPath=C:\WebRatio\WebRatio Community Platform 7.2.15\workspace\CommentService\.Temp~\DB.xml, schemaRegex=null, readProcedures=null, includeViews=true, derby.system.home=C:\WebRatio\WebRatio Community Platform 7.2.15\workspace\.metadata\.plugins\com.webratio.commons.db\derby, url=jdbc:mysql://52.213.52.241/freeapp89, tableRegex=null, readSQLDefinitions=true, includeForeignKeys=false, retrieveAllNames=false, tablesToRefresh=, eventSocketPort=50390}
[14 jun 2017 05:49:09] URL: jdbc:mysql://52.213.52.241/freeapp89
[14 jun 2017 05:49:09] Product name: MySQL
[14 jun 2017 05:49:09] Product version: 5.6.36
[14 jun 2017 05:49:09] Driver name: MySQL Connector Java
[14 jun 2017 05:49:09] Driver version: mysql-connector-java-5.1.42 ( Revision: 1f61b0b0270d9844b006572ba4e77f19c0f230d4 )
[14 jun 2017 05:49:09] Driver major version: 5
[14 jun 2017 05:49:09] Driver minor version: 1
[14 jun 2017 05:49:09] Identifier quote string: 1
[14 jun 2017 05:49:09] Retrieving schemas
[14 jun 2017 05:49:09] Retrieving [TABLE, VIEW, SYNONYM] for schema ''
[14 jun 2017 05:49:09]   Found 'comment' [type = TABLE]
[14 jun 2017 05:49:09]   Found 'group' [type = TABLE]
[14 jun 2017 05:49:09]   Found 'group_module' [type = TABLE]
[14 jun 2017 05:49:09]   Found 'module' [type = TABLE]
[14 jun 2017 05:49:09]   Found 'product' [type = TABLE]
[14 jun 2017 05:49:09]   Found 'user' [type = TABLE]
[14 jun 2017 05:49:09]   Found 'user_group' [type = TABLE]
[14 jun 2017 05:49:09] Retrieving columns for 'comment' [type = TABLE]
[14 jun 2017 05:49:10]   Found column: oid [type = INT][SQL/XOPEN type = 4][size = 10][dec. digits = 0]
[14 jun 2017 05:49:10]   Found column: content [type = VARCHAR][SQL/XOPEN type = 12][size = 255][dec. digits = 0]
[14 jun 2017 05:49:10]   Found column: product_oid [type = INT][SQL/XOPEN type = 4][size = 10][dec. digits = 0]
[14 jun 2017 05:49:10] Retrieving primary keys for 'comment' [type = TABLE]
[14 jun 2017 05:49:10]   Found primary key column: oid
[14 jun 2017 05:49:10] Retrieving columns for 'group' [type = TABLE]
[14 jun 2017 05:49:10]   Found column: oid [type = INT][SQL/XOPEN type = 4][size = 10][dec. digits = 0]
[14 jun 2017 05:49:10]   Found column: groupname [type = VARCHAR][SQL/XOPEN type = 12][size = 255][dec. digits = 0]
[14 jun 2017 05:49:10]   Found column: module_oid [type = INT][SQL/XOPEN type = 4][size = 10][dec. digits = 0]
[14 jun 2017 05:49:10] Retrieving primary keys for 'group' [type = TABLE]
[14 jun 2017 05:49:11]   Found primary key column: oid
[14 jun 2017 05:49:11] Retrieving columns for 'group_module' [type = TABLE]
[14 jun 2017 05:49:11]   Found column: group_oid [type = INT][SQL/XOPEN type = 4][size = 10][dec. digits = 0]
[14 jun 2017 05:49:11]   Found column: module_oid [type = INT][SQL/XOPEN type = 4][size = 10][dec. digits = 0]
[14 jun 2017 05:49:11] Retrieving primary keys for 'group_module' [type = TABLE]
[14 jun 2017 05:49:11]   Found primary key column: group_oid
[14 jun 2017 05:49:11]   Found primary key column: module_oid
[14 jun 2017 05:49:11] Retrieving columns for 'module' [type = TABLE]
[14 jun 2017 05:49:12]   Found column: oid [type = INT][SQL/XOPEN type = 4][size = 10][dec. digits = 0]
[14 jun 2017 05:49:12]   Found column: moduleid [type = VARCHAR][SQL/XOPEN type = 12][size = 255][dec. digits = 0]
[14 jun 2017 05:49:12]   Found column: modulename [type = VARCHAR][SQL/XOPEN type = 12][size = 255][dec. digits = 0]
[14 jun 2017 05:49:12] Retrieving primary keys for 'module' [type = TABLE]
[14 jun 2017 05:49:12]   Found primary key column: oid
[14 jun 2017 05:49:12] Retrieving columns for 'product' [type = TABLE]
[14 jun 2017 05:49:12]   Found column: oid [type = INT][SQL/XOPEN type = 4][size = 10][dec. digits = 0]
[14 jun 2017 05:49:12]   Found column: name [type = VARCHAR][SQL/XOPEN type = 12][size = 255][dec. digits = 0]
[14 jun 2017 05:49:12]   Found column: category [type = VARCHAR][SQL/XOPEN type = 12][size = 255][dec. digits = 0]
[14 jun 2017 05:49:12] Retrieving primary keys for 'product' [type = TABLE]
[14 jun 2017 05:49:12]   Found primary key column: oid
[14 jun 2017 05:49:12] Retrieving columns for 'user' [type = TABLE]
[14 jun 2017 05:49:13]   Found column: oid [type = INT][SQL/XOPEN type = 4][size = 10][dec. digits = 0]
[14 jun 2017 05:49:13]   Found column: username [type = VARCHAR][SQL/XOPEN type = 12][size = 255][dec. digits = 0]
[14 jun 2017 05:49:13]   Found column: password [type = VARCHAR][SQL/XOPEN type = 12][size = 255][dec. digits = 0]
[14 jun 2017 05:49:13]   Found column: email [type = VARCHAR][SQL/XOPEN type = 12][size = 255][dec. digits = 0]
[14 jun 2017 05:49:13]   Found column: group_oid [type = INT][SQL/XOPEN type = 4][size = 10][dec. digits = 0]
[14 jun 2017 05:49:13] Retrieving primary keys for 'user' [type = TABLE]
[14 jun 2017 05:49:13]   Found primary key column: oid
[14 jun 2017 05:49:13] Retrieving columns for 'user_group' [type = TABLE]
[14 jun 2017 05:49:13]   Found column: user_oid [type = INT][SQL/XOPEN type = 4][size = 10][dec. digits = 0]
[14 jun 2017 05:49:13]   Found column: group_oid [type = INT][SQL/XOPEN type = 4][size = 10][dec. digits = 0]
[14 jun 2017 05:49:13] Retrieving primary keys for 'user_group' [type = TABLE]
[14 jun 2017 05:49:14]   Found primary key column: user_oid
[14 jun 2017 05:49:14]   Found primary key column: group_oid
[14 jun 2017 05:49:14] Database metadata retrieved (4697 ms)
[14 jun 2017 05:49:14] Retrieving auto-increment columns for 'comment' [type = TABLE]
[14 jun 2017 05:49:14] Retrieving auto-increment columns for 'group' [type = TABLE]
[14 jun 2017 05:49:14] Retrieving auto-increment columns for 'group_module' [type = TABLE]
[14 jun 2017 05:49:14] Retrieving auto-increment columns for 'module' [type = TABLE]
[14 jun 2017 05:49:14] Retrieving auto-increment columns for 'product' [type = TABLE]
[14 jun 2017 05:49:15] Retrieving auto-increment columns for 'user' [type = TABLE]
[14 jun 2017 05:49:15] Retrieving auto-increment columns for 'user_group' [type = TABLE]
[14 jun 2017 05:49:15] Database connection closed
