[2017-06-20 19:17:22] Uploading application on server [52.215.75.240]
[2017-06-20 19:17:22] Computing changes...
[2017-06-20 19:17:25] Found 14 file(s) changed
[2017-06-20 19:17:25] --------------------------------------------
[2017-06-20 19:17:25] UPDATE                  /WEB-INF/descr/_model.descr
[2017-06-20 19:17:25] UPDATE                  /WEB-INF/descr/cru1.descr
[2017-06-20 19:17:25] ADD                     /WEB-INF/descr/seu1.descr
[2017-06-20 19:17:25] UPDATE                  /WEB-INF/descr/enu2.descr
[2017-06-20 19:17:25] UPDATE                  /page3.jsp
[2017-06-20 19:17:25] UPDATE                  /WEB-INF/descr/page2.descr
[2017-06-20 19:17:25] UPDATE                  /WEB-INF/descr/ln1.descr
[2017-06-20 19:17:25] UPDATE                  /WEB-INF/descr/enu1.descr
[2017-06-20 19:17:25] ADD                     /WEB-INF/descr/ln3.descr
[2017-06-20 19:17:25] UPDATE                  /WEB-INF/descr/cru2.descr
[2017-06-20 19:17:25] UPDATE                  /page2.jsp
[2017-06-20 19:17:25] UPDATE                  /WEB-INF/descr/page3.descr
[2017-06-20 19:17:25] UPDATE                  /WEB-INF/descr/ln2.descr
[2017-06-20 19:17:25] REMOTE_ADD              /WEB-INF/descr/_redeploy
[2017-06-20 19:17:25] --------------------------------------------
[2017-06-20 19:17:25] Uploading changes (37.4 KB)
