[2017-07-04 18:36:49] Uploading application on server [34.250.103.144]
[2017-07-04 18:36:49] Computing changes...
[2017-07-04 18:36:51] Found 46 file(s) changed
[2017-07-04 18:36:51] --------------------------------------------
[2017-07-04 18:36:51] UPDATE                  /page3.jsp
[2017-07-04 18:36:51] UPDATE                  /page1.jsp
[2017-07-04 18:36:51] REMOTE_UPDATE           /WEB-INF/descr/_layout.descr
[2017-07-04 18:36:51] UPDATE                  /page2.jsp
[2017-07-04 18:36:51] DELETE                  /img/bg_head_top_logo.jpg
[2017-07-04 18:36:51] DELETE                  /img/bg_head_middle.jpg
[2017-07-04 18:36:51] DELETE                  /css/webratio.css
[2017-07-04 18:36:51] DELETE                  /css/header3_setup.css
[2017-07-04 18:36:51] DELETE                  /img/bg_bullet_full_2.gif
[2017-07-04 18:36:51] DELETE                  /css/layout1_text.css
[2017-07-04 18:36:51] DELETE                  /css/header6_setup.css
[2017-07-04 18:36:51] DELETE                  /img/bg_head_top.jpg
[2017-07-04 18:36:51] DELETE                  /img/favicon.ico
[2017-07-04 18:36:51] DELETE                  /css/header2_setup.css
[2017-07-04 18:36:51] DELETE                  /img/bg_bullet_arrow.gif
[2017-07-04 18:36:51] DELETE                  /img/bg_main_withnav_reverse.jpg
[2017-07-04 18:36:51] DELETE                  /css/layout1_setup.css
[2017-07-04 18:36:51] DELETE                  /img/myphoto.jpg
[2017-07-04 18:36:51] DELETE                  /img/bg_head_bottom_nav.jpg
[2017-07-04 18:36:51] DELETE                  /img/bg_main_withnav.jpg
[2017-07-04 18:36:51] DELETE                  /css/layout2_setup.css
[2017-07-04 18:36:51] DELETE                  /img/flag_germany.gif
[2017-07-04 18:36:51] DELETE                  /css/header7_setup.css
[2017-07-04 18:36:51] DELETE                  /img/bg_head_bottom_nav_hover.gif
[2017-07-04 18:36:51] DELETE                  /css/layout4_text.css
[2017-07-04 18:36:51] DELETE                  /css/header1_setup.css
[2017-07-04 18:36:51] DELETE                  /img/bg_head_breadcrumbs.jpg
[2017-07-04 18:36:51] DELETE                  /css/layout3_text.css
[2017-07-04 18:36:51] DELETE                  /css/layout5_setup.css
[2017-07-04 18:36:51] DELETE                  /img/image.jpg
[2017-07-04 18:36:51] DELETE                  /css/layout2_text.css
[2017-07-04 18:36:51] DELETE                  /img/bg_corner_topleft.gif
[2017-07-04 18:36:51] DELETE                  /img/bg_corner_topright.gif
[2017-07-04 18:36:51] DELETE                  /img/bg_bullet_half_1.gif
[2017-07-04 18:36:51] DELETE                  /img/flag_italy.gif
[2017-07-04 18:36:51] DELETE                  /css/header5_setup.css
[2017-07-04 18:36:51] DELETE                  /img/bg_foot.jpg
[2017-07-04 18:36:51] DELETE                  /img/bg_main_withoutnav.jpg
[2017-07-04 18:36:51] DELETE                  /img/bg_bullet_half_2.gif
[2017-07-04 18:36:51] DELETE                  /css/layout5_text.css
[2017-07-04 18:36:51] DELETE                  /img/bg_bullet_full_1.gif
[2017-07-04 18:36:51] DELETE                  /css/header4_setup.css
[2017-07-04 18:36:51] DELETE                  /img/flag_sweden.gif
[2017-07-04 18:36:51] DELETE                  /css/layout4_setup.css
[2017-07-04 18:36:51] DELETE                  /css/layout3_setup.css
[2017-07-04 18:36:51] REMOTE_ADD              /WEB-INF/descr/_redeploy
[2017-07-04 18:36:51] --------------------------------------------
[2017-07-04 18:36:51] Uploading changes (34.2 KB)
